0 silly argv {
0 silly argv   _: [ 'create' ],
0 silly argv   lernaVersion: '6.4.1',
0 silly argv   '$0': 'lerna',
0 silly argv   name: '@ddll/button'
0 silly argv }
1 notice cli v6.4.1
2 verbose rootPath /Users/mac/Desktop/DDLL-Components
3 info versioning independent
4 error Error: canceled
4 error     at Interface.<anonymous> (/Users/mac/Desktop/DDLL-Components/node_modules/read/lib/read.js:66:13)
4 error     at Interface.emit (node:events:526:28)
4 error     at Interface._ttyWrite (node:readline:1081:16)
4 error     at ReadStream.onkeypress (node:readline:288:10)
4 error     at ReadStream.emit (node:events:526:28)
4 error     at emitKeys (node:internal/readline/utils:358:14)
4 error     at emitKeys.next (<anonymous>)
4 error     at ReadStream.onData (node:internal/readline/emitKeypressEvents:61:36)
4 error     at ReadStream.emit (node:events:526:28)
4 error     at addChunk (node:internal/streams/readable:315:12)
4 error     at readableAddChunk (node:internal/streams/readable:289:9)
4 error     at ReadStream.Readable.push (node:internal/streams/readable:228:10)
