Arguments: 
  /usr/local/bin/node /usr/local/lib/node_modules/yarn/lib/cli.js add @ddll/utils@1.0.0

PATH: 
  /usr/local/bin:/usr/bin:/bin:/usr/sbin:/sbin

Yarn version: 
  1.22.19

Node version: 
  16.14.2

Platform: 
  darwin x64

Trace: 
  Error: https://github.com/twobin/react-lazyload: ETIMEDOUT
      at Timeout._onTimeout (/usr/local/lib/node_modules/yarn/lib/cli.js:141550:19)
      at listOnTimeout (node:internal/timers:559:17)
      at processTimers (node:internal/timers:502:7)

npm manifest: 
  {
    "name": "@ddll/components",
    "version": "0.0.0",
    "description": "> TODO: description",
    "author": "xinxu <azzlzzxz@gmail.com>",
    "homepage": "https://github.com/azzlzzxz/DDLL-Components#readme",
    "license": "ISC",
    "main": "lib/components.js",
    "directories": {
      "lib": "lib",
      "test": "__tests__"
    },
    "files": [
      "lib"
    ],
    "publishConfig": {
      "access": "public"
    },
    "repository": {
      "type": "git",
      "url": "git+https://github.com/azzlzzxz/DDLL-Components.git"
    },
    "scripts": {
      "test": "node ./__tests__/@ddll/components.test.js"
    },
    "bugs": {
      "url": "https://github.com/azzlzzxz/DDLL-Components/issues"
    }
  }

yarn manifest: 
  No manifest

Lockfile: 
  No lockfile
